<?xml version="1.0" encoding="UTF-8"?>
<!-- Generated by org.testng.reporters.JUnitXMLReporter -->
<testsuite ignored="0" hostname="DESKTOP-GICHNOE" failures="0" tests="3" name="Test" time="55.855" errors="0" timestamp="2023-10-13T15:45:58 IST">
  <testcase classname="Moduel3_SearchProduct_Test.tutorialsninja_SearchProduct_Test" name="SearchtheProduct" time="3.56"/>
  <testcase classname="Module1_LoginPage_Test.tutorialsninja_HomePage_Test" name="verifyaccount" time="0.096"/>
  <testcase classname="Module2_RegisterPage_Test.tutorialsninja_RegisterPage_Test" name="verifyRegisteraccountCreated" time="0.12"/>
</testsuite> <!-- Test -->
