<?xml version="1.0" encoding="UTF-8"?>
<testng-results ignored="0" total="3" passed="3" failed="0" skipped="0">
  <reporter-output>
  </reporter-output>
  <suite started-at="2023-10-13T15:45:02 IST" name="Suite" finished-at="2023-10-13T15:45:58 IST" duration-ms="55855">
    <groups>
    </groups>
    <test started-at="2023-10-13T15:45:02 IST" name="Test" finished-at="2023-10-13T15:45:58 IST" duration-ms="55855">
      <class name="Module1_LoginPage_Test.tutorialsninja_HomePage_Test">
        <test-method is-config="true" signature="OpenBrowser()[pri:0, instance:Module1_LoginPage_Test.tutorialsninja_HomePage_Test@7c37508a]" started-at="2023-10-13T15:45:30 IST" name="OpenBrowser" finished-at="2023-10-13T15:45:38 IST" duration-ms="7482" status="PASS">
          <reporter-output>
          </reporter-output>
        </test-method> <!-- OpenBrowser -->
        <test-method is-config="true" signature="LoginApp()[pri:0, instance:Module1_LoginPage_Test.tutorialsninja_HomePage_Test@7c37508a]" started-at="2023-10-13T15:45:38 IST" name="LoginApp" finished-at="2023-10-13T15:45:40 IST" duration-ms="1888" status="PASS">
          <reporter-output>
          </reporter-output>
        </test-method> <!-- LoginApp -->
        <test-method signature="verifyaccount()[pri:0, instance:Module1_LoginPage_Test.tutorialsninja_HomePage_Test@7c37508a]" started-at="2023-10-13T15:45:40 IST" name="verifyaccount" finished-at="2023-10-13T15:45:40 IST" duration-ms="96" status="PASS">
          <reporter-output>
          </reporter-output>
        </test-method> <!-- verifyaccount -->
        <test-method is-config="true" signature="LogoutApp()[pri:0, instance:Module1_LoginPage_Test.tutorialsninja_HomePage_Test@7c37508a]" started-at="2023-10-13T15:45:40 IST" name="LogoutApp" finished-at="2023-10-13T15:45:40 IST" duration-ms="397" status="PASS">
          <reporter-output>
          </reporter-output>
        </test-method> <!-- LogoutApp -->
        <test-method is-config="true" signature="closebrowser()[pri:0, instance:Module1_LoginPage_Test.tutorialsninja_HomePage_Test@7c37508a]" started-at="2023-10-13T15:45:40 IST" name="closebrowser" finished-at="2023-10-13T15:45:44 IST" duration-ms="3328" status="PASS">
          <reporter-output>
          </reporter-output>
        </test-method> <!-- closebrowser -->
      </class> <!-- Module1_LoginPage_Test.tutorialsninja_HomePage_Test -->
      <class name="Moduel3_SearchProduct_Test.tutorialsninja_SearchProduct_Test">
        <test-method is-config="true" signature="OpenBrowser()[pri:0, instance:Moduel3_SearchProduct_Test.tutorialsninja_SearchProduct_Test@4d1c005e]" started-at="2023-10-13T15:45:03 IST" name="OpenBrowser" finished-at="2023-10-13T15:45:20 IST" duration-ms="17797" status="PASS">
          <reporter-output>
          </reporter-output>
        </test-method> <!-- OpenBrowser -->
        <test-method is-config="true" signature="LoginApp()[pri:0, instance:Moduel3_SearchProduct_Test.tutorialsninja_SearchProduct_Test@4d1c005e]" started-at="2023-10-13T15:45:20 IST" name="LoginApp" finished-at="2023-10-13T15:45:23 IST" duration-ms="2078" status="PASS">
          <reporter-output>
          </reporter-output>
        </test-method> <!-- LoginApp -->
        <test-method signature="SearchtheProduct()[pri:0, instance:Moduel3_SearchProduct_Test.tutorialsninja_SearchProduct_Test@4d1c005e]" started-at="2023-10-13T15:45:23 IST" name="SearchtheProduct" finished-at="2023-10-13T15:45:26 IST" duration-ms="3560" status="PASS">
          <reporter-output>
          </reporter-output>
        </test-method> <!-- SearchtheProduct -->
        <test-method is-config="true" signature="LogoutApp(org.testng.ITestResult)[pri:0, instance:Moduel3_SearchProduct_Test.tutorialsninja_SearchProduct_Test@4d1c005e]" started-at="2023-10-13T15:45:26 IST" name="LogoutApp" finished-at="2023-10-13T15:45:27 IST" duration-ms="504" status="PASS">
          <params>
            <param index="0">
              <value>
                <![CDATA[[TestResult name=SearchtheProduct status=SUCCESS method=tutorialsninja_SearchProduct_Test.SearchtheProduct()[pri:0, instance:Moduel3_SearchProduct_Test.tutorialsninja_SearchProduct_Test@4d1c005e] output={null}]]]>
              </value>
            </param>
          </params>
          <reporter-output>
          </reporter-output>
        </test-method> <!-- LogoutApp -->
        <test-method is-config="true" signature="closebrowser()[pri:0, instance:Moduel3_SearchProduct_Test.tutorialsninja_SearchProduct_Test@4d1c005e]" started-at="2023-10-13T15:45:27 IST" name="closebrowser" finished-at="2023-10-13T15:45:30 IST" duration-ms="3729" status="PASS">
          <reporter-output>
          </reporter-output>
        </test-method> <!-- closebrowser -->
      </class> <!-- Moduel3_SearchProduct_Test.tutorialsninja_SearchProduct_Test -->
      <class name="Module2_RegisterPage_Test.tutorialsninja_RegisterPage_Test">
        <test-method is-config="true" signature="openBrowser()[pri:0, instance:Module2_RegisterPage_Test.tutorialsninja_RegisterPage_Test@247310d0]" started-at="2023-10-13T15:45:44 IST" name="openBrowser" finished-at="2023-10-13T15:45:50 IST" duration-ms="6935" status="PASS">
          <reporter-output>
          </reporter-output>
        </test-method> <!-- openBrowser -->
        <test-method is-config="true" signature="registeraccountdata()[pri:0, instance:Module2_RegisterPage_Test.tutorialsninja_RegisterPage_Test@247310d0]" started-at="2023-10-13T15:45:50 IST" name="registeraccountdata" finished-at="2023-10-13T15:45:58 IST" duration-ms="7308" status="PASS">
          <reporter-output>
          </reporter-output>
        </test-method> <!-- registeraccountdata -->
        <test-method signature="verifyRegisteraccountCreated()[pri:0, instance:Module2_RegisterPage_Test.tutorialsninja_RegisterPage_Test@247310d0]" started-at="2023-10-13T15:45:58 IST" name="verifyRegisteraccountCreated" finished-at="2023-10-13T15:45:58 IST" duration-ms="120" status="PASS">
          <reporter-output>
          </reporter-output>
        </test-method> <!-- verifyRegisteraccountCreated -->
        <test-method is-config="true" signature="LogoutApp()[pri:0, instance:Module2_RegisterPage_Test.tutorialsninja_RegisterPage_Test@247310d0]" started-at="2023-10-13T15:45:58 IST" name="LogoutApp" finished-at="2023-10-13T15:45:58 IST" duration-ms="5" status="PASS">
          <reporter-output>
          </reporter-output>
        </test-method> <!-- LogoutApp -->
        <test-method is-config="true" signature="closebrowser()[pri:0, instance:Module2_RegisterPage_Test.tutorialsninja_RegisterPage_Test@247310d0]" started-at="2023-10-13T15:45:58 IST" name="closebrowser" finished-at="2023-10-13T15:45:58 IST" duration-ms="384" status="PASS">
          <reporter-output>
          </reporter-output>
        </test-method> <!-- closebrowser -->
      </class> <!-- Module2_RegisterPage_Test.tutorialsninja_RegisterPage_Test -->
    </test> <!-- Test -->
  </suite> <!-- Suite -->
</testng-results>
